<?xml version="1.0" encoding="UTF-8"?>
<testng-results skipped="0" failed="0" ignored="0" total="1" passed="1">
  <reporter-output>
  </reporter-output>
  <suite name="Default suite" duration-ms="89" started-at="2021-12-08T14:37:13 IST" finished-at="2021-12-08T14:37:13 IST">
    <groups>
    </groups>
    <test name="Default test" duration-ms="89" started-at="2021-12-08T14:37:13 IST" finished-at="2021-12-08T14:37:13 IST">
      <class name="selenium.FAcebook">
        <test-method status="PASS" signature="f()[pri:0, instance:selenium.FAcebook@1e2203c]" name="f" duration-ms="15" started-at="2021-12-08T14:37:13 IST" finished-at="2021-12-08T14:37:13 IST">
          <reporter-output>
          </reporter-output>
        </test-method> <!-- f -->
      </class> <!-- selenium.FAcebook -->
    </test> <!-- Default test -->
  </suite> <!-- Default suite -->
</testng-results>
