<?xml version="1.0" encoding="UTF-8"?>
<testng-results skipped="0" failed="1" ignored="0" total="2" passed="1">
  <reporter-output>
  </reporter-output>
  <suite name="Suite" duration-ms="56605" started-at="2022-05-10T15:22:36 IST" finished-at="2022-05-10T15:23:33 IST">
    <groups>
    </groups>
    <test name="IETest" duration-ms="54874" started-at="2022-05-10T15:22:36 IST" finished-at="2022-05-10T15:23:31 IST">
      <class name="newPracticeCB.CBnew">
        <test-method status="PASS" signature="run(java.lang.String)[pri:0, instance:newPracticeCB.CBnew@34e239]" name="run" is-config="true" duration-ms="35012" started-at="2022-05-10T15:22:36 IST" finished-at="2022-05-10T15:23:11 IST">
          <params>
            <param index="0">
              <value>
                <![CDATA[ie]]>
              </value>
            </param>
          </params>
          <reporter-output>
          </reporter-output>
        </test-method> <!-- run -->
        <test-method status="FAIL" signature="run1()[pri:0, instance:newPracticeCB.CBnew@34e239]" name="run1" duration-ms="19162" started-at="2022-05-10T15:23:11 IST" finished-at="2022-05-10T15:23:31 IST">
          <exception class="org.openqa.selenium.UnhandledAlertException">
            <message>
              <![CDATA[Modal dialog present with text: Do you want Internet Explorer to remember this password?: Do you want Internet Explorer to remember this password?
Build info: version: '4.0.0', revision: '3a21814679'
System info: host: 'USER-PC', ip: '192.168.51.6', os.name: 'Windows 7', os.arch: 'x86', os.version: '6.1', java.version: '1.8.0_231'
Driver info: org.openqa.selenium.ie.InternetExplorerDriver
Command: [6e0a1666-2a96-4e66-bb33-e026d863cd7f, close {}]
Capabilities {acceptInsecureCerts: false, browserName: internet explorer, browserVersion: 8, javascriptEnabled: true, pageLoadStrategy: normal, platform: WINDOWS, platformName: WINDOWS, proxy: Proxy(), se:ieOptions: {browserAttachTimeout: 0, elementScrollBehavior: 0, enablePersistentHover: true, ie.browserCommandLineSwitches: , ie.edgechromium: false, ie.edgepath: , ie.ensureCleanSession: false, ie.fileUploadDialogTimeout: 3000, ie.forceCreateProcessApi: false, ignoreProtectedModeSettings: false, ignoreZoomSetting: false, initialBrowserUrl: http://localhost:50373/, nativeEvents: true, requireWindowFocus: false}, setWindowRect: true, strictFileInteractability: false, timeouts: {implicit: 0, pageLoad: 300000, script: 30000}, unhandledPromptBehavior: dismiss and notify}
Session ID: 6e0a1666-2a96-4e66-bb33-e026d863cd7f]]>
            </message>
            <full-stacktrace>
              <![CDATA[org.openqa.selenium.UnhandledAlertException: Modal dialog present with text: Do you want Internet Explorer to remember this password?: Do you want Internet Explorer to remember this password?
Build info: version: '4.0.0', revision: '3a21814679'
System info: host: 'USER-PC', ip: '192.168.51.6', os.name: 'Windows 7', os.arch: 'x86', os.version: '6.1', java.version: '1.8.0_231'
Driver info: org.openqa.selenium.ie.InternetExplorerDriver
Command: [6e0a1666-2a96-4e66-bb33-e026d863cd7f, close {}]
Capabilities {acceptInsecureCerts: false, browserName: internet explorer, browserVersion: 8, javascriptEnabled: true, pageLoadStrategy: normal, platform: WINDOWS, platformName: WINDOWS, proxy: Proxy(), se:ieOptions: {browserAttachTimeout: 0, elementScrollBehavior: 0, enablePersistentHover: true, ie.browserCommandLineSwitches: , ie.edgechromium: false, ie.edgepath: , ie.ensureCleanSession: false, ie.fileUploadDialogTimeout: 3000, ie.forceCreateProcessApi: false, ignoreProtectedModeSettings: false, ignoreZoomSetting: false, initialBrowserUrl: http://localhost:50373/, nativeEvents: true, requireWindowFocus: false}, setWindowRect: true, strictFileInteractability: false, timeouts: {implicit: 0, pageLoad: 300000, script: 30000}, unhandledPromptBehavior: dismiss and notify}
Session ID: 6e0a1666-2a96-4e66-bb33-e026d863cd7f
at org.openqa.selenium.remote.codec.w3c.W3CHttpResponseCodec.decode(W3CHttpResponseCodec.java:131)
at org.openqa.selenium.remote.codec.w3c.W3CHttpResponseCodec.decode(W3CHttpResponseCodec.java:53)
at org.openqa.selenium.remote.HttpCommandExecutor.execute(HttpCommandExecutor.java:184)
at org.openqa.selenium.remote.service.DriverCommandExecutor.invokeExecute(DriverCommandExecutor.java:164)
at org.openqa.selenium.remote.service.DriverCommandExecutor.execute(DriverCommandExecutor.java:139)
at org.openqa.selenium.remote.RemoteWebDriver.execute(RemoteWebDriver.java:559)
at org.openqa.selenium.remote.RemoteWebDriver.execute(RemoteWebDriver.java:614)
at org.openqa.selenium.remote.RemoteWebDriver.execute(RemoteWebDriver.java:618)
at org.openqa.selenium.remote.RemoteWebDriver.close(RemoteWebDriver.java:444)
at newPracticeCB.CBnew.run1(CBnew.java:42)
at sun.reflect.NativeMethodAccessorImpl.invoke0(Native Method)
at sun.reflect.NativeMethodAccessorImpl.invoke(Unknown Source)
at sun.reflect.DelegatingMethodAccessorImpl.invoke(Unknown Source)
at java.lang.reflect.Method.invoke(Unknown Source)
at org.testng.internal.MethodInvocationHelper.invokeMethod(MethodInvocationHelper.java:133)
at org.testng.internal.TestInvoker.invokeMethod(TestInvoker.java:598)
at org.testng.internal.TestInvoker.invokeTestMethod(TestInvoker.java:173)
at org.testng.internal.MethodRunner.runInSequence(MethodRunner.java:46)
at org.testng.internal.TestInvoker$MethodInvocationAgent.invoke(TestInvoker.java:824)
at org.testng.internal.TestInvoker.invokeTestMethods(TestInvoker.java:146)
at org.testng.internal.TestMethodWorker.invokeTestMethods(TestMethodWorker.java:146)
at org.testng.internal.TestMethodWorker.run(TestMethodWorker.java:128)
at java.util.ArrayList.forEach(Unknown Source)
at org.testng.TestRunner.privateRun(TestRunner.java:794)
at org.testng.TestRunner.run(TestRunner.java:596)
at org.testng.SuiteRunner.runTest(SuiteRunner.java:377)
at org.testng.SuiteRunner.access$000(SuiteRunner.java:28)
at org.testng.SuiteRunner$SuiteWorker.run(SuiteRunner.java:418)
at org.testng.internal.thread.ThreadUtil.lambda$execute$0(ThreadUtil.java:64)
at java.util.concurrent.FutureTask.run(Unknown Source)
at java.util.concurrent.ThreadPoolExecutor.runWorker(Unknown Source)
at java.util.concurrent.ThreadPoolExecutor$Worker.run(Unknown Source)
at java.lang.Thread.run(Unknown Source)
]]>
            </full-stacktrace>
          </exception> <!-- org.openqa.selenium.UnhandledAlertException -->
          <reporter-output>
          </reporter-output>
        </test-method> <!-- run1 -->
      </class> <!-- newPracticeCB.CBnew -->
    </test> <!-- IETest -->
    <test name="ChromeTest" duration-ms="56605" started-at="2022-05-10T15:22:36 IST" finished-at="2022-05-10T15:23:33 IST">
      <class name="newPracticeCB.CBnew">
        <test-method status="PASS" signature="run(java.lang.String)[pri:0, instance:newPracticeCB.CBnew@d41cee]" name="run" is-config="true" duration-ms="36049" started-at="2022-05-10T15:22:36 IST" finished-at="2022-05-10T15:23:12 IST">
          <params>
            <param index="0">
              <value>
                <![CDATA[Chrome]]>
              </value>
            </param>
          </params>
          <reporter-output>
          </reporter-output>
        </test-method> <!-- run -->
        <test-method status="PASS" signature="run1()[pri:0, instance:newPracticeCB.CBnew@d41cee]" name="run1" duration-ms="20532" started-at="2022-05-10T15:23:12 IST" finished-at="2022-05-10T15:23:33 IST">
          <reporter-output>
          </reporter-output>
        </test-method> <!-- run1 -->
      </class> <!-- newPracticeCB.CBnew -->
    </test> <!-- ChromeTest -->
  </suite> <!-- Suite -->
</testng-results>
