<?xml version="1.0" encoding="UTF-8"?>
<testng-results skipped="0" failed="0" ignored="0" total="1" passed="1">
  <reporter-output>
  </reporter-output>
  <suite name="Suite" duration-ms="24622" started-at="2022-05-06T15:00:12 IST" finished-at="2022-05-06T15:00:37 IST">
    <groups>
    </groups>
    <test name="Test" duration-ms="24622" started-at="2022-05-06T15:00:12 IST" finished-at="2022-05-06T15:00:37 IST">
      <class name="Xmledi.Editor">
        <test-method status="PASS" signature="a(java.lang.String,java.lang.String)[pri:0, instance:Xmledi.Editor@49835d]" name="a" duration-ms="24553" started-at="2022-05-06T15:00:12 IST" finished-at="2022-05-06T15:00:37 IST">
          <params>
            <param index="0">
              <value>
                <![CDATA[admin@gmail.com]]>
              </value>
            </param>
            <param index="1">
              <value>
                <![CDATA[2002100]]>
              </value>
            </param>
          </params>
          <reporter-output>
          </reporter-output>
        </test-method> <!-- a -->
      </class> <!-- Xmledi.Editor -->
    </test> <!-- Test -->
  </suite> <!-- Suite -->
</testng-results>
