<?xml version="1.0" encoding="UTF-8"?>
<testng-results skipped="0" failed="0" ignored="0" total="1" passed="1">
  <reporter-output>
  </reporter-output>
  <suite name="Default suite" duration-ms="195538" started-at="2022-04-28T12:29:33 IST" finished-at="2022-04-28T12:32:49 IST">
    <groups>
    </groups>
    <test name="Default test" duration-ms="195538" started-at="2022-04-28T12:29:33 IST" finished-at="2022-04-28T12:32:49 IST">
      <class name="newtest.SelectTry">
        <test-method status="PASS" signature="select()[pri:0, instance:newtest.SelectTry@11c1ea0]" name="select" duration-ms="195314" started-at="2022-04-28T12:29:33 IST" finished-at="2022-04-28T12:32:48 IST">
          <reporter-output>
          </reporter-output>
        </test-method> <!-- select -->
        <test-method status="PASS" signature="close()[pri:0, instance:newtest.SelectTry@11c1ea0]" name="close" is-config="true" duration-ms="151" started-at="2022-04-28T12:32:48 IST" finished-at="2022-04-28T12:32:49 IST">
          <reporter-output>
          </reporter-output>
        </test-method> <!-- close -->
      </class> <!-- newtest.SelectTry -->
    </test> <!-- Default test -->
  </suite> <!-- Default suite -->
</testng-results>
